<?xml version="1.0" encoding="UTF-8"?>
<robot generator="Robot 6.0.2 (Python 3.10.6 on linux)" generated="20230524 16:30:37.989" rpa="false" schemaversion="3">
<suite id="s1" name="Api Testing.Usuarios" source="/home/clarotunala/Projetos/CursoUdemy/RobotFramework/apiTesting/tests/api_testing.usuarios.robot">
<test id="s1-t1" name="Cenário 01: Cadastrar um novo usuário com sucesso no ServeRest" line="7">
<kw name="Criar um novo usuário" library="api_testing_usuarios">
<kw name="Generate Random String" library="String">
<var>${palavra_aleatoria}</var>
<arg>length=4</arg>
<arg>chars=[LETTERS]</arg>
<doc>Generates a string with a desired ``length`` from the given ``chars``.</doc>
<msg timestamp="20230524 16:30:38.060" level="INFO">${palavra_aleatoria} = Mkyk</msg>
<status status="PASS" starttime="20230524 16:30:38.060" endtime="20230524 16:30:38.060"/>
</kw>
<kw name="Convert To Lower Case" library="String">
<var>${palavra_aleatoria}</var>
<arg>${palavra_aleatoria}</arg>
<doc>Converts string to lower case.</doc>
<msg timestamp="20230524 16:30:38.060" level="INFO">${palavra_aleatoria} = mkyk</msg>
<status status="PASS" starttime="20230524 16:30:38.060" endtime="20230524 16:30:38.060"/>
</kw>
<kw name="Set Test Variable" library="BuiltIn">
<arg>${EMAIL_TEST}</arg>
<arg>${palavra_aleatoria}@emailteste.com</arg>
<doc>Makes a variable available everywhere within the scope of the current test.</doc>
<msg timestamp="20230524 16:30:38.062" level="INFO">${EMAIL_TEST} = mkyk@emailteste.com</msg>
<status status="PASS" starttime="20230524 16:30:38.061" endtime="20230524 16:30:38.062"/>
</kw>
<kw name="Log To Console" library="BuiltIn">
<arg>${EMAIL_TEST}</arg>
<doc>Logs the given message to the console.</doc>
<status status="PASS" starttime="20230524 16:30:38.062" endtime="20230524 16:30:38.062"/>
</kw>
<status status="PASS" starttime="20230524 16:30:38.059" endtime="20230524 16:30:38.062"/>
</kw>
<status status="PASS" starttime="20230524 16:30:38.059" endtime="20230524 16:30:38.062"/>
</test>
<status status="PASS" starttime="20230524 16:30:37.990" endtime="20230524 16:30:38.063"/>
</suite>
<statistics>
<total>
<stat pass="1" fail="0" skip="0">All Tests</stat>
</total>
<tag>
</tag>
<suite>
<stat pass="1" fail="0" skip="0" id="s1" name="Api Testing.Usuarios">Api Testing.Usuarios</stat>
</suite>
</statistics>
<errors>
</errors>
</robot>
